[02:03:03] [main/INFO]: Loading Minecraft 1.20.4 with Fabric Loader 0.16.3
[02:03:03] [main/INFO]: Loading 43 mods:
	- clumps 15.0.0.2
	- fabric-api 0.97.2+1.20.4
	   |-- fabric-api-base 0.4.37+78d798af4f
	   |-- fabric-api-lookup-api-v1 1.6.50+82b1bb3e4f
	   |-- fabric-biome-api-v1 13.0.17+78d798af4f
	   |-- fabric-block-api-v1 1.0.17+3e2216cb4f
	   |-- fabric-block-view-api-v2 1.0.5+78d798af4f
	   |-- fabric-blockrenderlayer-v1 1.1.47+78d798af4f
	   |-- fabric-client-tags-api-v1 1.1.8+78d798af4f
	   |-- fabric-command-api-v1 1.2.42+f71b366f4f
	   |-- fabric-command-api-v2 2.2.21+78d798af4f
	   |-- fabric-commands-v0 0.2.59+df3654b34f
	   |-- fabric-containers-v0 0.1.88+df3654b34f
	   |-- fabric-content-registries-v0 5.0.16+78d798af4f
	   |-- fabric-convention-tags-v1 1.5.11+78d798af4f
	   |-- fabric-crash-report-info-v1 0.2.24+78d798af4f
	   |-- fabric-data-attachment-api-v1 1.1.5+b90db5744f
	   |-- fabric-data-generation-api-v1 13.2.6+5c0133444f
	   |-- fabric-dimensions-v1 2.1.63+6605d1a84f
	   |-- fabric-entity-events-v1 1.6.2+09fc25014f
	   |-- fabric-events-interaction-v0 0.7.2+389931eb4f
	   |-- fabric-events-lifecycle-v0 0.2.75+df3654b34f
	   |-- fabric-game-rule-api-v1 1.0.47+78d798af4f
	   |-- fabric-item-api-v1 2.3.0+bcdd12964f
	   |-- fabric-item-group-api-v1 4.0.27+ee30b13a4f
	   |-- fabric-key-binding-api-v1 1.0.42+78d798af4f
	   |-- fabric-keybindings-v0 0.2.40+df3654b34f
	   |-- fabric-lifecycle-events-v1 2.3.1+a67ffb5d4f
	   |-- fabric-loot-api-v2 2.1.10+78d798af4f
	   |-- fabric-message-api-v1 6.0.6+78d798af4f
	   |-- fabric-mining-level-api-v1 2.1.66+78d798af4f
	   |-- fabric-model-loading-api-v1 1.0.9+78d798af4f
	   |-- fabric-models-v0 0.4.8+9386d8a74f
	   |-- fabric-networking-api-v1 3.1.9+6abb6a4b4f
	   |-- fabric-object-builder-api-v1 13.1.0+dba1195c4f
	   |-- fabric-particles-v1 1.1.8+78d798af4f
	   |-- fabric-recipe-api-v1 2.0.22+78d798af4f
	   |-- fabric-registry-sync-v0 4.0.21+ee30b13a4f
	   |-- fabric-renderer-api-v1 3.2.5+78d798af4f
	   |-- fabric-renderer-indigo 1.5.6+d331d3144f
	   |-- fabric-renderer-registries-v1 3.2.54+df3654b34f
	   |-- fabric-rendering-data-attachment-v1 0.3.43+73761d2e4f
	   |-- fabric-rendering-fluids-v1 3.1.2+e761c6694f
	   |-- fabric-rendering-v0 1.1.57+df3654b34f
	   |-- fabric-rendering-v1 3.2.1+6fd945a04f
	   |-- fabric-resource-conditions-api-v1 2.3.15+78d798af4f
	   |-- fabric-resource-loader-v0 0.11.21+ee30b13a4f
	   |-- fabric-screen-api-v1 2.0.18+78d798af4f
	   |-- fabric-screen-handler-api-v1 1.3.57+78d798af4f
	   |-- fabric-sound-api-v1 1.0.18+78d798af4f
	   |-- fabric-transfer-api-v1 4.0.12+90f2d7b14f
	   \-- fabric-transitive-access-wideners-v1 5.0.15+78d798af4f
	- fabricloader 0.16.3
	   \-- mixinextras 0.4.1
	- java 21
	- minecraft 1.20.4
[02:03:03] [main/INFO]: SpongePowered MIXIN Subsystem Version=0.8.7 Source=file:/workspaces/GG-yeah/servidor_minecraft/libraries/net/fabricmc/sponge-mixin/0.15.2+mixin.0.8.7/sponge-mixin-0.15.2+mixin.0.8.7.jar Service=Knot/Fabric Env=SERVER
[02:03:03] [main/INFO]: Compatibility level set to JAVA_17
[02:03:04] [main/INFO]: Initializing MixinExtras via com.llamalad7.mixinextras.service.MixinExtrasServiceImpl(version=0.4.1).
[02:03:10] [main/INFO]: Environment: Environment[sessionHost=https://sessionserver.mojang.com, servicesHost=https://api.minecraftservices.com, name=PROD]
[02:03:12] [main/INFO]: Loaded 7 recipes
[02:03:12] [main/INFO]: Loaded 1271 advancements
[02:03:12] [main/INFO]: Applied 0 biome modifications to 0 of 64 new biomes in 1.497 ms
[02:03:12] [Server thread/INFO]: Starting minecraft server version 1.20.4
[02:03:12] [Server thread/INFO]: Loading properties
[02:03:12] [Server thread/INFO]: Default game type: SURVIVAL
[02:03:12] [Server thread/INFO]: Generating keypair
[02:03:13] [Server thread/INFO]: Starting Minecraft server on *:25565
[02:03:13] [Server thread/INFO]: Using epoll channel type
[02:03:13] [Server thread/WARN]: **** SERVER IS RUNNING IN OFFLINE/INSECURE MODE!
[02:03:13] [Server thread/WARN]: The server will make no attempt to authenticate usernames. Beware.
[02:03:13] [Server thread/WARN]: While this makes the game possible to play without internet access, it also opens up the ability for hackers to connect with any username they choose.
[02:03:13] [Server thread/WARN]: To change this, set "online-mode" to "true" in the server.properties file.
[02:03:13] [Server thread/INFO]: Preparing level "world"
[02:03:15] [Server thread/INFO]: Preparing start region for dimension minecraft:overworld
[02:03:18] [Worker-Main-2/INFO]: Preparing spawn area: 0%
[02:03:18] [Worker-Main-1/INFO]: Preparing spawn area: 0%
[02:03:18] [Worker-Main-1/INFO]: Preparing spawn area: 0%
[02:03:18] [Worker-Main-2/INFO]: Preparing spawn area: 0%
[02:03:18] [Worker-Main-3/INFO]: Preparing spawn area: 0%
[02:03:18] [Worker-Main-1/INFO]: Preparing spawn area: 0%
[02:03:18] [Worker-Main-3/INFO]: Preparing spawn area: 0%
[02:03:19] [Worker-Main-1/INFO]: Preparing spawn area: 32%
[02:03:19] [Server thread/INFO]: Time elapsed: 3945 ms
[02:03:19] [Server thread/INFO]: Done (6.402s)! For help, type "help"
[02:04:23] [Server thread/INFO]: Eleze19[/127.133.124.232:55441] logged in with entity id 186 at (361.717932963021, 66.0, 417.6015922803564)
[02:04:23] [Server thread/INFO]: Eleze19 joined the game
[02:12:18] [Server thread/INFO]: PACMANXD243[/127.243.34.123:33247] logged in with entity id 1247 at (360.30000001192093, 67.0, 413.46042990539405)
[02:12:18] [Server thread/INFO]: PACMANXD243 joined the game
[02:21:40] [Server thread/INFO]: Villager class_1646['Villager'/225, l='ServerLevel[GG]', x=346.47, y=67.00, z=442.14] died, message: 'Villager was slain by Zombie'
